sudo ./TRRAnalyzer --out results/rg_5-ham100_100_100_100_200-ref17-refinit_0.txt --row_scout_file out_R-R.txt --num_row_groups 5 --row_layout RAR --num_rounds 1 --num_iterations 100 --hammers_per_round 100 100 100 100 200 --cascaded_hammer  --hammer_rgs_individually  --refs_per_round 17 --init_only_victims  --row_group_indices 4 5 6 7 8 --refs_after_init 0 --num_dummy_after_init 0 --log_phys_scheme 1
Opened /dev/xdma0_h2c_0 -> 4
Opened /dev/xdma0_c2h_0 -> 5
Successfully reset the FPGA!
[33mDummy rows (while hammering): 

[34mNum hammerable row sets: 5[0m
[34mHammerable row set 0[0m
[34mVictims: 1814, 1822, [0m
[34mAggressors: 1815 (100), [0m
[34mUnified Rows: [0m
[34mHammerable row set 1[0m
[34mVictims: 2918, 2926, [0m
[34mAggressors: 2919 (100), [0m
[34mUnified Rows: [0m
[34mHammerable row set 2[0m
[34mVictims: 2933, 2935, [0m
[34mAggressors: 2934 (100), [0m
[34mUnified Rows: [0m
[34mHammerable row set 3[0m
[34mVictims: 4227, 4229, [0m
[34mAggressors: 4228 (100), [0m
[34mUnified Rows: [0m
[34mHammerable row set 4[0m
[34mVictims: 5296, 5298, [0m
[34mAggressors: 5297 (200), [0m
[34mUnified Rows: [0m
[34mtRAS: 24 cycles[0m
--- SoftMCProg: Initializing Victims and Aggressors ---
0000: PRE r0 PALL 0 : NOP 0 : NOP 0 : NOP 0
0001: LI r4 32
0002: LI r3 1
0003: LI r0 1
0004: LI r5 1814
0005: LI r7 4294967295
0006: LDWD 0 r7
0007: LI r7 4294967295
0008: LDWD 1 r7
0009: LI r7 4294967295
0010: LDWD 2 r7
0011: LI r7 4294967295
0012: LDWD 3 r7
0013: LI r7 4294967295
0014: LDWD 4 r7
0015: LI r7 4294967295
0016: LDWD 5 r7
0017: LI r7 4294967295
0018: LDWD 6 r7
0019: LI r7 4294967295
0020: LDWD 7 r7
0021: ACT r3 r5 0 : NOP 0 : NOP 0 : NOP 0
0022: NOP 0 : NOP 0 : NOP 0 : NOP 0
0023: LI r6 0
INIT_ROW2
0024: WR r3 r6++ 0 : NOP 0 : NOP 0 : NOP 0
0025: BL PC:24 r6 r4 (TARGET LABEL: INIT_ROW2)
0026: PRE r3 0 : NOP 0 : NOP 0 : NOP 0
0027: NOP 0 : NOP 0 : NOP 0 : NOP 0
0028: LI r5 1822
0029: ACT r3 r5 0 : NOP 0 : NOP 0 : NOP 0
0030: NOP 0 : NOP 0 : NOP 0 : NOP 0
0031: LI r6 0
INIT_ROW3
0032: WR r3 r6++ 0 : NOP 0 : NOP 0 : NOP 0
0033: BL PC:32 r6 r4 (TARGET LABEL: INIT_ROW3)
0034: PRE r3 0 : NOP 0 : NOP 0 : NOP 0
0035: NOP 0 : NOP 0 : NOP 0 : NOP 0
0036: LI r3 1
0037: LI r0 1
0038: LI r8 2918
0039: LI r10 4294967295
0040: LDWD 0 r10
0041: LI r10 4294967295
0042: LDWD 1 r10
0043: LI r10 4294967295
0044: LDWD 2 r10
0045: LI r10 4294967295
0046: LDWD 3 r10
0047: LI r10 4294967295
0048: LDWD 4 r10
0049: LI r10 4294967295
0050: LDWD 5 r10
0051: LI r10 4294967295
0052: LDWD 6 r10
0053: LI r10 4294967295
0054: LDWD 7 r10
0055: ACT r3 r8 0 : NOP 0 : NOP 0 : NOP 0
0056: NOP 0 : NOP 0 : NOP 0 : NOP 0
0057: LI r9 0
INIT_ROW4
0058: WR r3 r9++ 0 : NOP 0 : NOP 0 : NOP 0
0059: BL PC:58 r9 r4 (TARGET LABEL: INIT_ROW4)
0060: PRE r3 0 : NOP 0 : NOP 0 : NOP 0
0061: NOP 0 : NOP 0 : NOP 0 : NOP 0
0062: LI r8 2926
0063: ACT r3 r8 0 : NOP 0 : NOP 0 : NOP 0
0064: NOP 0 : NOP 0 : NOP 0 : NOP 0
0065: LI r9 0
INIT_ROW5
0066: WR r3 r9++ 0 : NOP 0 : NOP 0 : NOP 0
0067: BL PC:66 r9 r4 (TARGET LABEL: INIT_ROW5)
0068: PRE r3 0 : NOP 0 : NOP 0 : NOP 0
0069: NOP 0 : NOP 0 : NOP 0 : NOP 0
0070: LI r3 1
0071: LI r0 1
0072: LI r11 2933
0073: LI r13 4294967295
0074: LDWD 0 r13
0075: LI r13 4294967295
0076: LDWD 1 r13
0077: LI r13 4294967295
0078: LDWD 2 r13
0079: LI r13 4294967295
0080: LDWD 3 r13
0081: LI r13 4294967295
0082: LDWD 4 r13
0083: LI r13 4294967295
0084: LDWD 5 r13
0085: LI r13 4294967295
0086: LDWD 6 r13
0087: LI r13 4294967295
0088: LDWD 7 r13
0089: ACT r3 r11 0 : NOP 0 : NOP 0 : NOP 0
0090: NOP 0 : NOP 0 : NOP 0 : NOP 0
0091: LI r12 0
INIT_ROW6
0092: WR r3 r12++ 0 : NOP 0 : NOP 0 : NOP 0
0093: BL PC:92 r12 r4 (TARGET LABEL: INIT_ROW6)
0094: PRE r3 0 : NOP 0 : NOP 0 : NOP 0
0095: NOP 0 : NOP 0 : NOP 0 : NOP 0
0096: LI r11 2935
0097: ACT r3 r11 0 : NOP 0 : NOP 0 : NOP 0
0098: NOP 0 : NOP 0 : NOP 0 : NOP 0
0099: LI r12 0
INIT_ROW7
0100: WR r3 r12++ 0 : NOP 0 : NOP 0 : NOP 0
0101: BL PC:100 r12 r4 (TARGET LABEL: INIT_ROW7)
0102: PRE r3 0 : NOP 0 : NOP 0 : NOP 0
0103: NOP 0 : NOP 0 : NOP 0 : NOP 0
0104: LI r3 1
0105: LI r0 1
0106: LI r14 4227
0107: LI r7 4294967295
0108: LDWD 0 r7
0109: LI r7 4294967295
0110: LDWD 1 r7
0111: LI r7 4294967295
0112: LDWD 2 r7
0113: LI r7 4294967295
0114: LDWD 3 r7
0115: LI r7 4294967295
0116: LDWD 4 r7
0117: LI r7 4294967295
0118: LDWD 5 r7
0119: LI r7 4294967295
0120: LDWD 6 r7
0121: LI r7 4294967295
0122: LDWD 7 r7
0123: ACT r3 r14 0 : NOP 0 : NOP 0 : NOP 0
0124: NOP 0 : NOP 0 : NOP 0 : NOP 0
0125: LI r15 0
INIT_ROW8
0126: WR r3 r15++ 0 : NOP 0 : NOP 0 : NOP 0
0127: BL PC:126 r15 r4 (TARGET LABEL: INIT_ROW8)
0128: PRE r3 0 : NOP 0 : NOP 0 : NOP 0
0129: NOP 0 : NOP 0 : NOP 0 : NOP 0
0130: LI r14 4229
0131: ACT r3 r14 0 : NOP 0 : NOP 0 : NOP 0
0132: NOP 0 : NOP 0 : NOP 0 : NOP 0
0133: LI r15 0
INIT_ROW9
0134: WR r3 r15++ 0 : NOP 0 : NOP 0 : NOP 0
0135: BL PC:134 r15 r4 (TARGET LABEL: INIT_ROW9)
0136: PRE r3 0 : NOP 0 : NOP 0 : NOP 0
0137: NOP 0 : NOP 0 : NOP 0 : NOP 0
0138: LI r3 1
0139: LI r0 1
0140: LI r5 5296
0141: LI r10 4294967295
0142: LDWD 0 r10
0143: LI r10 4294967295
0144: LDWD 1 r10
0145: LI r10 4294967295
0146: LDWD 2 r10
0147: LI r10 4294967295
0148: LDWD 3 r10
0149: LI r10 4294967295
0150: LDWD 4 r10
0151: LI r10 4294967295
0152: LDWD 5 r10
0153: LI r10 4294967295
0154: LDWD 6 r10
0155: LI r10 4294967295
0156: LDWD 7 r10
0157: ACT r3 r5 0 : NOP 0 : NOP 0 : NOP 0
0158: NOP 0 : NOP 0 : NOP 0 : NOP 0
0159: LI r6 0
INIT_ROW10
0160: WR r3 r6++ 0 : NOP 0 : NOP 0 : NOP 0
0161: BL PC:160 r6 r4 (TARGET LABEL: INIT_ROW10)
0162: PRE r3 0 : NOP 0 : NOP 0 : NOP 0
0163: NOP 0 : NOP 0 : NOP 0 : NOP 0
0164: LI r5 5298
0165: ACT r3 r5 0 : NOP 0 : NOP 0 : NOP 0
0166: NOP 0 : NOP 0 : NOP 0 : NOP 0
0167: LI r6 0
INIT_ROW11
0168: WR r3 r6++ 0 : NOP 0 : NOP 0 : NOP 0
0169: BL PC:168 r6 r4 (TARGET LABEL: INIT_ROW11)
0170: PRE r3 0 : NOP 0 : NOP 0 : NOP 0
0171: NOP 0 : NOP 0 : NOP 0 : NOP 0
0172: END
[33mWeak row retention time (ms): 768[0m
[33mTime to complete hammering phase (ms): 0.065615[0m
